# JRE version: Java(TM) SE Runtime Environment (23.0.1+11) (build 23.0.1+11-39)
# Java VM: Java HotSpot(TM) 64-Bit Server VM (23.0.1+11-39, mixed mode, sharing, tiered, compressed oops, compressed class ptrs, g1 gc, windows-amd64)
GC Precious Log:
 CardTable entry size: 512
 Card Set container configuration: InlinePtr #cards 5 size 8 Array Of Cards #cards 10 size 36 Howl #buckets 4 coarsen threshold 1843 Howl Bitmap #cards 512 size 80 coarsen threshold 460 Card regions per heap region 1 cards per card region 2048
 CPUs: 4 total, 4 available
 Memory: 4007M
 Large Page Support: Disabled
 NUMA Support: Disabled
 Compressed Oops: Enabled (32-bit)
 Heap Region Size: 1M
 Heap Min Capacity: 8M
 Heap Initial Capacity: 64M
 Heap Max Capacity: 1002M
 Pre-touch: Disabled
 Parallel Workers: 4
 Concurrent Workers: 1
 Concurrent Refinement Workers: 4
 Periodic GC: Disabled
Heap:
 garbage-first heap   total reserved 1026048K, committed 143360K, used 60089K [0x00000000c1600000, 0x0000000100000000)
  region size 1024K, 1 young (1024K), 1 survivors (1024K)
 Metaspace       used 7086K, committed 7232K, reserved 1114112K
  class space    used 741K, committed 832K, reserved 1048576K
GC Heap History (20 events):
Event: 3.971 GC heap after
{Heap after GC invocations=17 (full 0):
 garbage-first heap   total reserved 1026048K, committed 71680K, used 40602K [0x00000000c1600000, 0x0000000100000000)
  region size 1024K, 1 young (1024K), 1 survivors (1024K)
 Metaspace       used 6932K, committed 7104K, reserved 1114112K
  class space    used 739K, committed 832K, reserved 1048576K
}
Event: 3.991 GC heap before
{Heap before GC invocations=18 (full 0):
 garbage-first heap   total reserved 1026048K, committed 71680K, used 41626K [0x00000000c1600000, 0x0000000100000000)
  region size 1024K, 2 young (2048K), 1 survivors (1024K)
 Metaspace       used 6940K, committed 7104K, reserved 1114112K
  class space    used 739K, committed 832K, reserved 1048576K
}
Event: 3.992 GC heap after
{Heap after GC invocations=19 (full 0):
 garbage-first heap   total reserved 1026048K, committed 71680K, used 40606K [0x00000000c1600000, 0x0000000100000000)
  region size 1024K, 1 young (1024K), 1 survivors (1024K)
 Metaspace       used 6940K, committed 7104K, reserved 1114112K
  class space    used 739K, committed 832K, reserved 1048576K
}
Event: 4.021 GC heap before
{Heap before GC invocations=20 (full 0):
 garbage-first heap   total reserved 1026048K, committed 71680K, used 42654K [0x00000000c1600000, 0x0000000100000000)
  region size 1024K, 3 young (3072K), 1 survivors (1024K)
 Metaspace       used 6946K, committed 7104K, reserved 1114112K
  class space    used 739K, committed 832K, reserved 1048576K
}
Event: 4.022 GC heap after
{Heap after GC invocations=21 (full 0):
 garbage-first heap   total reserved 1026048K, committed 71680K, used 40629K [0x00000000c1600000, 0x0000000100000000)
  region size 1024K, 1 young (1024K), 1 survivors (1024K)
 Metaspace       used 6946K, committed 7104K, reserved 1114112K
  class space    used 739K, committed 832K, reserved 1048576K
}
Event: 4.037 GC heap before
{Heap before GC invocations=22 (full 0):
 garbage-first heap   total reserved 1026048K, committed 71680K, used 41653K [0x00000000c1600000, 0x0000000100000000)
  region size 1024K, 2 young (2048K), 1 survivors (1024K)
 Metaspace       used 6951K, committed 7104K, reserved 1114112K
  class space    used 739K, committed 832K, reserved 1048576K
}
Event: 4.038 GC heap after
{Heap after GC invocations=23 (full 0):
 garbage-first heap   total reserved 1026048K, committed 143360K, used 40610K [0x00000000c1600000, 0x0000000100000000)
  region size 1024K, 1 young (1024K), 1 survivors (1024K)
 Metaspace       used 6951K, committed 7104K, reserved 1114112K
  class space    used 739K, committed 832K, reserved 1048576K
}
Event: 4.395 GC heap before
{Heap before GC invocations=23 (full 0):
 garbage-first heap   total reserved 1026048K, committed 143360K, used 65186K [0x00000000c1600000, 0x0000000100000000)
  region size 1024K, 3 young (3072K), 1 survivors (1024K)
 Metaspace       used 6986K, committed 7168K, reserved 1114112K
  class space    used 739K, committed 832K, reserved 1048576K
}
Event: 4.397 GC heap after
{Heap after GC invocations=24 (full 0):
 garbage-first heap   total reserved 1026048K, committed 143360K, used 63156K [0x00000000c1600000, 0x0000000100000000)
  region size 1024K, 1 young (1024K), 1 survivors (1024K)
 Metaspace       used 6986K, committed 7168K, reserved 1114112K
  class space    used 739K, committed 832K, reserved 1048576K
}
Event: 4.423 GC heap before
{Heap before GC invocations=24 (full 0):
 garbage-first heap   total reserved 1026048K, committed 143360K, used 66228K [0x00000000c1600000, 0x0000000100000000)
  region size 1024K, 3 young (3072K), 1 survivors (1024K)
 Metaspace       used 6987K, committed 7168K, reserved 1114112K
  class space    used 739K, committed 832K, reserved 1048576K
}
Event: 4.424 GC heap after
{Heap after GC invocations=25 (full 0):
 garbage-first heap   total reserved 1026048K, committed 143360K, used 42652K [0x00000000c1600000, 0x0000000100000000)
  region size 1024K, 1 young (1024K), 1 survivors (1024K)
 Metaspace       used 6987K, committed 7168K, reserved 1114112K
  class space    used 739K, committed 832K, reserved 1048576K
}
Event: 4.729 GC heap before
{Heap before GC invocations=25 (full 0):
 garbage-first heap   total reserved 1026048K, committed 143360K, used 64156K [0x00000000c1600000, 0x0000000100000000)
  region size 1024K, 3 young (3072K), 1 survivors (1024K)
 Metaspace       used 7018K, committed 7168K, reserved 1114112K
  class space    used 739K, committed 832K, reserved 1048576K
}
Event: 4.731 GC heap after
{Heap after GC invocations=26 (full 0):
 garbage-first heap   total reserved 1026048K, committed 143360K, used 61069K [0x00000000c1600000, 0x0000000100000000)
  region size 1024K, 1 young (1024K), 1 survivors (1024K)
 Metaspace       used 7018K, committed 7168K, reserved 1114112K
  class space    used 739K, committed 832K, reserved 1048576K
}
Event: 4.750 GC heap before
{Heap before GC invocations=26 (full 0):
 garbage-first heap   total reserved 1026048K, committed 143360K, used 65165K [0x00000000c1600000, 0x0000000100000000)
  region size 1024K, 4 young (4096K), 1 survivors (1024K)
 Metaspace       used 7020K, committed 7168K, reserved 1114112K
  class space    used 739K, committed 832K, reserved 1048576K
}
Event: 4.752 GC heap after
{Heap after GC invocations=27 (full 0):
 garbage-first heap   total reserved 1026048K, committed 143360K, used 42672K [0x00000000c1600000, 0x0000000100000000)
  region size 1024K, 1 young (1024K), 1 survivors (1024K)
 Metaspace       used 7020K, committed 7168K, reserved 1114112K
  class space    used 739K, committed 832K, reserved 1048576K
}
Event: 4.981 GC heap before
{Heap before GC invocations=27 (full 0):
 garbage-first heap   total reserved 1026048K, committed 143360K, used 64176K [0x00000000c1600000, 0x0000000100000000)
  region size 1024K, 3 young (3072K), 1 survivors (1024K)
 Metaspace       used 7061K, committed 7232K, reserved 1114112K
  class space    used 741K, committed 832K, reserved 1048576K
}
Event: 4.983 GC heap after
{Heap after GC invocations=28 (full 0):
 garbage-first heap   total reserved 1026048K, committed 143360K, used 61117K [0x00000000c1600000, 0x0000000100000000)
  region size 1024K, 1 young (1024K), 1 survivors (1024K)
 Metaspace       used 7061K, committed 7232K, reserved 1114112K
  class space    used 741K, committed 832K, reserved 1048576K
}
Event: 4.998 GC heap before
{Heap before GC invocations=28 (full 0):
 garbage-first heap   total reserved 1026048K, committed 143360K, used 64189K [0x00000000c1600000, 0x0000000100000000)
  region size 1024K, 3 young (3072K), 1 survivors (1024K)
 Metaspace       used 7061K, committed 7232K, reserved 1114112K
  class space    used 741K, committed 832K, reserved 1048576K
}
Event: 5.000 GC heap after
{Heap after GC invocations=29 (full 0):
 garbage-first heap   total reserved 1026048K, committed 143360K, used 42665K [0x00000000c1600000, 0x0000000100000000)
  region size 1024K, 1 young (1024K), 1 survivors (1024K)
 Metaspace       used 7061K, committed 7232K, reserved 1114112K
  class space    used 741K, committed 832K, reserved 1048576K
}
Event: 5.161 GC heap before
{Heap before GC invocations=29 (full 0):
 garbage-first heap   total reserved 1026048K, committed 143360K, used 63145K [0x00000000c1600000, 0x0000000100000000)
  region size 1024K, 3 young (3072K), 1 survivors (1024K)
 Metaspace       used 7086K, committed 7232K, reserved 1114112K
  class space    used 741K, committed 832K, reserved 1048576K
}

